Copyright 1986-2015 Xilinx, Inc. All Rights Reserved.
---------------------------------------------------------------------------------------------
| Tool Version      : Vivado v.2015.4 (win64) Build 1412921 Wed Nov 18 09:43:45 MST 2015
| Date              : Tue Sep 26 15:34:00 2017
| Host              : admin running 64-bit major release  (build 9200)
| Command           : report_clock_utilization -file top_design_clock_utilization_routed.rpt
| Design            : top_design
| Device            : 7a100t-fgg484
| Speed File        : -1  PRODUCTION 1.14 2014-09-11
| Temperature Grade : C
---------------------------------------------------------------------------------------------

Clock Utilization Report

Table of Contents
-----------------
1. Clock Primitive Utilization
2. Details of Global Clocks
3. Details of Regional Clocks
4. Details of Multi-Regional Clocks
5. Details of I/O Clocks
6. Details of Local Clocks
7. Clock Regions : Key Resource Utilization
8. Net wise resources used in clock region X0Y2
9. Net wise resources used in clock region X0Y3
10. Net wise resources used in clock region X1Y3

1. Clock Primitive Utilization
------------------------------

+-------+------+-----------+-----------+
| Type  | Used | Available | Num Fixed |
+-------+------+-----------+-----------+
| BUFG  |    1 |        32 |         0 |
| BUFH  |    0 |        96 |         0 |
| BUFIO |    0 |        24 |         0 |
| MMCM  |    0 |         6 |         0 |
| PLL   |    0 |         6 |         0 |
| BUFR  |    0 |        24 |         0 |
| BUFMR |    0 |        12 |         0 |
+-------+------+-----------+-----------+


2. Details of Global Clocks
---------------------------

+-------+--------------------+---------------+--------------+-------+
|       |                    |               |   Num Loads  |       |
+-------+--------------------+---------------+------+-------+-------+
| Index | BUFG Cell          | Net Name      | BELs | Sites | Fixed |
+-------+--------------------+---------------+------+-------+-------+
|     1 | clk_IBUF_BUFG_inst | clk_IBUF_BUFG | 3668 |  1585 |    no |
+-------+--------------------+---------------+------+-------+-------+


3. Details of Regional Clocks
-----------------------------

4. Details of Multi-Regional Clocks
-----------------------------------

5. Details of I/O Clocks
------------------------

6. Details of Local Clocks
--------------------------

+-------+---------------------------------------------+---------------------------------------+--------------+-------+
|       |                                             |                                       |   Num Loads  |       |
+-------+---------------------------------------------+---------------------------------------+------+-------+-------+
| Index | Local Clk Src                               | Net Name                              | BELs | Sites | Fixed |
+-------+---------------------------------------------+---------------------------------------+------+-------+-------+
|     1 | integer_unit/em_reg/disp3_0_reg[0]_LDC_i_1  | integer_unit/em_reg/disp3_0_reg[0]_P  |    2 |     2 |    no |
|     2 | integer_unit/em_reg/disp3_0_reg[10]_LDC_i_1 | integer_unit/em_reg/disp3_0_reg[10]_P |    2 |     2 |    no |
|     3 | integer_unit/em_reg/disp3_0_reg[11]_LDC_i_1 | integer_unit/em_reg/disp3_0_reg[11]_P |    2 |     2 |    no |
|     4 | integer_unit/em_reg/disp3_0_reg[12]_LDC_i_1 | integer_unit/em_reg/disp3_0_reg[12]_P |    2 |     2 |    no |
|     5 | integer_unit/em_reg/disp3_0_reg[13]_LDC_i_1 | integer_unit/em_reg/disp3_0_reg[13]_P |    2 |     2 |    no |
|     6 | integer_unit/em_reg/disp3_0_reg[14]_LDC_i_1 | integer_unit/em_reg/disp3_0_reg[14]_P |    2 |     2 |    no |
|     7 | integer_unit/em_reg/disp3_0_reg[15]_LDC_i_1 | integer_unit/em_reg/disp3_0_reg[15]_P |    2 |     2 |    no |
|     8 | integer_unit/em_reg/disp3_0_reg[1]_LDC_i_1  | integer_unit/em_reg/disp3_0_reg[1]_P  |    2 |     2 |    no |
|     9 | integer_unit/em_reg/disp3_0_reg[2]_LDC_i_1  | integer_unit/em_reg/disp3_0_reg[2]_P  |    2 |     2 |    no |
|    10 | integer_unit/em_reg/disp3_0_reg[3]_LDC_i_1  | integer_unit/em_reg/disp3_0_reg[3]_P  |    2 |     2 |    no |
|    11 | integer_unit/em_reg/disp3_0_reg[4]_LDC_i_1  | integer_unit/em_reg/disp3_0_reg[4]_P  |    2 |     2 |    no |
|    12 | integer_unit/em_reg/disp3_0_reg[5]_LDC_i_1  | integer_unit/em_reg/disp3_0_reg[5]_P  |    2 |     2 |    no |
|    13 | integer_unit/em_reg/disp3_0_reg[6]_LDC_i_1  | integer_unit/em_reg/disp3_0_reg[6]_P  |    2 |     2 |    no |
|    14 | integer_unit/em_reg/disp3_0_reg[7]_LDC_i_1  | integer_unit/em_reg/disp3_0_reg[7]_P  |    2 |     2 |    no |
|    15 | integer_unit/em_reg/disp3_0_reg[8]_LDC_i_1  | integer_unit/em_reg/disp3_0_reg[8]_P  |    2 |     2 |    no |
|    16 | integer_unit/em_reg/disp3_0_reg[9]_LDC_i_1  | integer_unit/em_reg/disp3_0_reg[9]_P  |    2 |     2 |    no |
|    17 | integer_unit/em_reg/disp7_4_reg[0]_LDC_i_1  | integer_unit/em_reg/disp7_4_reg[0]_P  |    2 |     2 |    no |
|    18 | integer_unit/em_reg/disp7_4_reg[10]_LDC_i_1 | integer_unit/em_reg/disp7_4_reg[10]_P |    2 |     2 |    no |
|    19 | integer_unit/em_reg/disp7_4_reg[11]_LDC_i_1 | integer_unit/em_reg/disp7_4_reg[11]_P |    2 |     2 |    no |
|    20 | integer_unit/em_reg/disp7_4_reg[12]_LDC_i_1 | integer_unit/em_reg/disp7_4_reg[12]_P |    2 |     2 |    no |
|    21 | integer_unit/em_reg/disp7_4_reg[13]_LDC_i_1 | integer_unit/em_reg/disp7_4_reg[13]_P |    2 |     2 |    no |
|    22 | integer_unit/em_reg/disp7_4_reg[14]_LDC_i_1 | integer_unit/em_reg/disp7_4_reg[14]_P |    2 |     2 |    no |
|    23 | integer_unit/em_reg/disp7_4_reg[15]_LDC_i_1 | integer_unit/em_reg/disp7_4_reg[15]_P |    2 |     2 |    no |
|    24 | integer_unit/em_reg/disp7_4_reg[1]_LDC_i_1  | integer_unit/em_reg/disp7_4_reg[1]_P  |    2 |     2 |    no |
|    25 | integer_unit/em_reg/disp7_4_reg[2]_LDC_i_1  | integer_unit/em_reg/disp7_4_reg[2]_P  |    2 |     2 |    no |
|    26 | integer_unit/em_reg/disp7_4_reg[3]_LDC_i_1  | integer_unit/em_reg/disp7_4_reg[3]_P  |    2 |     2 |    no |
|    27 | integer_unit/em_reg/disp7_4_reg[4]_LDC_i_1  | integer_unit/em_reg/disp7_4_reg[4]_P  |    2 |     2 |    no |
|    28 | integer_unit/em_reg/disp7_4_reg[5]_LDC_i_1  | integer_unit/em_reg/disp7_4_reg[5]_P  |    2 |     2 |    no |
|    29 | integer_unit/em_reg/disp7_4_reg[6]_LDC_i_1  | integer_unit/em_reg/disp7_4_reg[6]_P  |    2 |     2 |    no |
|    30 | integer_unit/em_reg/disp7_4_reg[7]_LDC_i_1  | integer_unit/em_reg/disp7_4_reg[7]_P  |    2 |     2 |    no |
|    31 | integer_unit/em_reg/disp7_4_reg[8]_LDC_i_1  | integer_unit/em_reg/disp7_4_reg[8]_P  |    2 |     2 |    no |
|    32 | integer_unit/em_reg/disp7_4_reg[9]_LDC_i_1  | integer_unit/em_reg/disp7_4_reg[9]_P  |    2 |     2 |    no |
|    33 | integer_unit/em_reg/dispsp_reg[10]_LDC_i_1  | integer_unit/em_reg/dispsp_reg[10]_P  |    2 |     2 |    no |
|    34 | integer_unit/em_reg/dispsp_reg[11]_LDC_i_1  | integer_unit/em_reg/dispsp_reg[11]_P  |    2 |     2 |    no |
|    35 | integer_unit/em_reg/dispsp_reg[12]_LDC_i_1  | integer_unit/em_reg/dispsp_reg[12]_P  |    2 |     2 |    no |
|    36 | integer_unit/em_reg/dispsp_reg[13]_LDC_i_1  | integer_unit/em_reg/dispsp_reg[13]_P  |    2 |     2 |    no |
|    37 | integer_unit/em_reg/dispsp_reg[14]_LDC_i_1  | integer_unit/em_reg/dispsp_reg[14]_P  |    2 |     2 |    no |
|    38 | integer_unit/em_reg/dispsp_reg[15]_LDC_i_1  | integer_unit/em_reg/dispsp_reg[15]_P  |    2 |     2 |    no |
|    39 | integer_unit/em_reg/dispsp_reg[8]_LDC_i_1   | integer_unit/em_reg/dispsp_reg[8]_P   |    2 |     2 |    no |
|    40 | integer_unit/em_reg/dispsp_reg[9]_LDC_i_1   | integer_unit/em_reg/dispsp_reg[9]_P   |    2 |     2 |    no |
|    41 | io_part/clock16/clk_sys_reg                 | io_part/clock16/clk_sys               |   19 |     8 |    no |
|    42 | register_reg[0][31]_i_3                     | register_reg[0][31]_i_3_n_0           |   20 |    33 |    no |
+-------+---------------------------------------------+---------------------------------------+------+-------+-------+


7. Clock Regions : Key Resource Utilization
-------------------------------------------

+-------------------+--------------+--------------+--------------+--------------+--------------+--------------+--------------+--------------+--------------+--------------+--------------+--------------+--------------+--------------+--------------+
|                   | Global Clock |     BUFRs    |    BUFMRs    |    BUFIOs    |     MMCM     |      PLL     |      GT      |      PCI     |    ILOGIC    |    OLOGIC    |      FF      |     LUTM     |    RAMB18    |    RAMB36    |    DSP48E1   |
+-------------------+------+-------+------+-------+------+-------+------+-------+------+-------+------+-------+------+-------+------+-------+------+-------+------+-------+------+-------+------+-------+------+-------+------+-------+------+-------+
| Clock Region Name | Used | Avail | Used | Avail | Used | Avail | Used | Avail | Used | Avail | Used | Avail | Used | Avail | Used | Avail | Used | Avail | Used | Avail | Used | Avail | Used | Avail | Used | Avail | Used | Avail | Used | Avail |
+-------------------+------+-------+------+-------+------+-------+------+-------+------+-------+------+-------+------+-------+------+-------+------+-------+------+-------+------+-------+------+-------+------+-------+------+-------+------+-------+
| X0Y0              |    0 |    12 |    0 |     4 |    0 |     2 |    0 |     4 |    0 |     1 |    0 |     1 |    0 |     0 |    0 |     0 |    0 |    50 |    0 |    50 |    0 | 20800 |    0 |  2400 |    0 |    20 |    0 |    10 |    0 |    20 |
| X1Y0              |    0 |    12 |    0 |     0 |    0 |     0 |    0 |     0 |    0 |     0 |    0 |     0 |    0 |     5 |    0 |     0 |    0 |     0 |    0 |     0 |    0 | 12000 |    0 |  2200 |    0 |    40 |    0 |    20 |    0 |    40 |
| X0Y1              |    0 |    12 |    0 |     4 |    0 |     2 |    0 |     4 |    0 |     1 |    0 |     1 |    0 |     0 |    0 |     0 |    0 |    50 |    0 |    50 |    0 | 16000 |    0 |  2400 |    0 |    20 |    0 |    10 |    0 |    20 |
| X1Y1              |    0 |    12 |    0 |     4 |    0 |     2 |    0 |     4 |    0 |     1 |    0 |     1 |    0 |     0 |    0 |     0 |    0 |    50 |    0 |    50 |    0 | 15200 |    0 |  2600 |    0 |    60 |    0 |    30 |    0 |    40 |
| X0Y2              |    1 |    12 |    0 |     4 |    0 |     2 |    0 |     4 |    0 |     1 |    0 |     1 |    0 |     0 |    0 |     0 |    0 |    50 |    0 |    50 |   46 | 16000 |    0 |  2400 |    0 |    20 |    0 |    10 |    0 |    20 |
| X1Y2              |    0 |    12 |    0 |     4 |    0 |     2 |    0 |     4 |    0 |     1 |    0 |     1 |    0 |     0 |    0 |     0 |    0 |    50 |    0 |    50 |    0 | 15200 |    0 |  2600 |    0 |    60 |    3 |    30 |    0 |    40 |
| X0Y3              |    1 |    12 |    0 |     4 |    0 |     2 |    0 |     4 |    0 |     1 |    0 |     1 |    0 |     0 |    0 |     0 |    0 |    50 |    0 |    50 | 3530 | 20800 |    0 |  2400 |    0 |    20 |    4 |    10 |    0 |    20 |
| X1Y3              |    1 |    12 |    0 |     0 |    0 |     0 |    0 |     0 |    0 |     0 |    0 |     0 |    0 |     5 |    0 |     1 |    0 |     0 |    0 |     0 |  152 | 10800 |    0 |  2000 |    1 |    30 |    9 |    15 |    0 |    40 |
+-------------------+------+-------+------+-------+------+-------+------+-------+------+-------+------+-------+------+-------+------+-------+------+-------+------+-------+------+-------+------+-------+------+-------+------+-------+------+-------+
* RAMB36 site can be used as two RAMB18/FIFO18 sites.


8. Net wise resources used in clock region X0Y2
-----------------------------------------------

+-------------+--------------+-------+-----------+----------+---------+-----------+---------+---------+-----+-------+----------+----------------+
| Source Type | BUFHCE Site  | Fixed | MMCM Pins | PLL Pins | GT Pins | BRAM Pins | ILOGICs | OLOGICs | FFs | LUTMs | DSP48E1s | Clock Net Name |
+-------------+--------------+-------+-----------+----------+---------+-----------+---------+---------+-----+-------+----------+----------------+
| BUFG        | BUFHCE_X0Y32 |   no  |         0 |        0 |       0 |         0 |       0 |       0 |  46 |     0 |        0 | clk_IBUF_BUFG  |
+-------------+--------------+-------+-----------+----------+---------+-----------+---------+---------+-----+-------+----------+----------------+


9. Net wise resources used in clock region X0Y3
-----------------------------------------------

+-------------+--------------+-------+-----------+----------+---------+-----------+---------+---------+------+-------+----------+----------------+
| Source Type | BUFHCE Site  | Fixed | MMCM Pins | PLL Pins | GT Pins | BRAM Pins | ILOGICs | OLOGICs |  FFs | LUTMs | DSP48E1s | Clock Net Name |
+-------------+--------------+-------+-----------+----------+---------+-----------+---------+---------+------+-------+----------+----------------+
| BUFG        | BUFHCE_X0Y44 |   no  |         0 |        0 |       0 |         0 |       0 |       0 | 3468 |     0 |        0 | clk_IBUF_BUFG  |
+-------------+--------------+-------+-----------+----------+---------+-----------+---------+---------+------+-------+----------+----------------+


10. Net wise resources used in clock region X1Y3
------------------------------------------------

+-------------+--------------+-------+-----------+----------+---------+-----------+---------+---------+-----+-------+----------+----------------+
| Source Type | BUFHCE Site  | Fixed | MMCM Pins | PLL Pins | GT Pins | BRAM Pins | ILOGICs | OLOGICs | FFs | LUTMs | DSP48E1s | Clock Net Name |
+-------------+--------------+-------+-----------+----------+---------+-----------+---------+---------+-----+-------+----------+----------------+
| BUFG        | BUFHCE_X1Y44 |   no  |         0 |        0 |       0 |         2 |       0 |       0 | 152 |     0 |        0 | clk_IBUF_BUFG  |
+-------------+--------------+-------+-----------+----------+---------+-----------+---------+---------+-----+-------+----------+----------------+



# Location of BUFG Primitives 
set_property LOC BUFGCTRL_X0Y0 [get_cells clk_IBUF_BUFG_inst]

# Location of IO Clock Primitives

# Location of MMCM Clock Primitives

# Location of BUFH Clock Primitives

# Location of BUFR Clock Primitives

# Location of BUFMR Clock Primitives

# Location of PLL Clock Primitives

# Location of IO Primitives which is load of clock spine

# Location of clock ports
set_property LOC IOB_X0Y74 [get_ports clk]

# Clock net "clk_IBUF_BUFG" driven by instance "clk_IBUF_BUFG_inst" located at site "BUFGCTRL_X0Y0"
#startgroup
create_pblock {CLKAG_clk_IBUF_BUFG}
add_cells_to_pblock [get_pblocks  {CLKAG_clk_IBUF_BUFG}] [get_cells -filter { PRIMITIVE_GROUP != I/O && IS_PRIMITIVE==1 && PRIMITIVE_LEVEL !=INTERNAL } -of_object [get_pins -filter {DIRECTION==IN} -of_objects [get_nets -hierarchical -filter {PARENT=="clk_IBUF_BUFG"}]]]
resize_pblock [get_pblocks {CLKAG_clk_IBUF_BUFG}] -add {CLOCKREGION_X0Y2:CLOCKREGION_X0Y2 CLOCKREGION_X0Y3:CLOCKREGION_X0Y3 CLOCKREGION_X1Y3:CLOCKREGION_X1Y3}
#endgroup

# Clock net "integer_unit/em_reg/disp3_0_reg[0]_P" driven by instance "integer_unit/em_reg/disp3_0_reg[0]_LDC_i_1" located at site "SLICE_X5Y173"
#startgroup
create_pblock {CLKAG_integer_unit/em_reg/disp3_0_reg[0]_P}
add_cells_to_pblock [get_pblocks  {CLKAG_integer_unit/em_reg/disp3_0_reg[0]_P}] [get_cells -filter { PRIMITIVE_GROUP != I/O && IS_PRIMITIVE==1 && PRIMITIVE_LEVEL !=INTERNAL } -of_object [get_pins -filter {DIRECTION==IN} -of_objects [get_nets -hierarchical -filter {PARENT=="integer_unit/em_reg/disp3_0_reg[0]_P"}]]]
resize_pblock [get_pblocks {CLKAG_integer_unit/em_reg/disp3_0_reg[0]_P}] -add {CLOCKREGION_X0Y3:CLOCKREGION_X0Y3}
#endgroup

# Clock net "integer_unit/em_reg/disp3_0_reg[10]_P" driven by instance "integer_unit/em_reg/disp3_0_reg[10]_LDC_i_1" located at site "SLICE_X7Y171"
#startgroup
create_pblock {CLKAG_integer_unit/em_reg/disp3_0_reg[10]_P}
add_cells_to_pblock [get_pblocks  {CLKAG_integer_unit/em_reg/disp3_0_reg[10]_P}] [get_cells -filter { PRIMITIVE_GROUP != I/O && IS_PRIMITIVE==1 && PRIMITIVE_LEVEL !=INTERNAL } -of_object [get_pins -filter {DIRECTION==IN} -of_objects [get_nets -hierarchical -filter {PARENT=="integer_unit/em_reg/disp3_0_reg[10]_P"}]]]
resize_pblock [get_pblocks {CLKAG_integer_unit/em_reg/disp3_0_reg[10]_P}] -add {CLOCKREGION_X0Y3:CLOCKREGION_X0Y3}
#endgroup

# Clock net "integer_unit/em_reg/disp3_0_reg[11]_P" driven by instance "integer_unit/em_reg/disp3_0_reg[11]_LDC_i_1" located at site "SLICE_X6Y169"
#startgroup
create_pblock {CLKAG_integer_unit/em_reg/disp3_0_reg[11]_P}
add_cells_to_pblock [get_pblocks  {CLKAG_integer_unit/em_reg/disp3_0_reg[11]_P}] [get_cells -filter { PRIMITIVE_GROUP != I/O && IS_PRIMITIVE==1 && PRIMITIVE_LEVEL !=INTERNAL } -of_object [get_pins -filter {DIRECTION==IN} -of_objects [get_nets -hierarchical -filter {PARENT=="integer_unit/em_reg/disp3_0_reg[11]_P"}]]]
resize_pblock [get_pblocks {CLKAG_integer_unit/em_reg/disp3_0_reg[11]_P}] -add {CLOCKREGION_X0Y3:CLOCKREGION_X0Y3}
#endgroup

# Clock net "integer_unit/em_reg/disp3_0_reg[12]_P" driven by instance "integer_unit/em_reg/disp3_0_reg[12]_LDC_i_1" located at site "SLICE_X7Y169"
#startgroup
create_pblock {CLKAG_integer_unit/em_reg/disp3_0_reg[12]_P}
add_cells_to_pblock [get_pblocks  {CLKAG_integer_unit/em_reg/disp3_0_reg[12]_P}] [get_cells -filter { PRIMITIVE_GROUP != I/O && IS_PRIMITIVE==1 && PRIMITIVE_LEVEL !=INTERNAL } -of_object [get_pins -filter {DIRECTION==IN} -of_objects [get_nets -hierarchical -filter {PARENT=="integer_unit/em_reg/disp3_0_reg[12]_P"}]]]
resize_pblock [get_pblocks {CLKAG_integer_unit/em_reg/disp3_0_reg[12]_P}] -add {CLOCKREGION_X0Y3:CLOCKREGION_X0Y3}
#endgroup

# Clock net "integer_unit/em_reg/disp3_0_reg[13]_P" driven by instance "integer_unit/em_reg/disp3_0_reg[13]_LDC_i_1" located at site "SLICE_X8Y166"
#startgroup
create_pblock {CLKAG_integer_unit/em_reg/disp3_0_reg[13]_P}
add_cells_to_pblock [get_pblocks  {CLKAG_integer_unit/em_reg/disp3_0_reg[13]_P}] [get_cells -filter { PRIMITIVE_GROUP != I/O && IS_PRIMITIVE==1 && PRIMITIVE_LEVEL !=INTERNAL } -of_object [get_pins -filter {DIRECTION==IN} -of_objects [get_nets -hierarchical -filter {PARENT=="integer_unit/em_reg/disp3_0_reg[13]_P"}]]]
resize_pblock [get_pblocks {CLKAG_integer_unit/em_reg/disp3_0_reg[13]_P}] -add {CLOCKREGION_X0Y3:CLOCKREGION_X0Y3}
#endgroup

# Clock net "integer_unit/em_reg/disp3_0_reg[14]_P" driven by instance "integer_unit/em_reg/disp3_0_reg[14]_LDC_i_1" located at site "SLICE_X7Y168"
#startgroup
create_pblock {CLKAG_integer_unit/em_reg/disp3_0_reg[14]_P}
add_cells_to_pblock [get_pblocks  {CLKAG_integer_unit/em_reg/disp3_0_reg[14]_P}] [get_cells -filter { PRIMITIVE_GROUP != I/O && IS_PRIMITIVE==1 && PRIMITIVE_LEVEL !=INTERNAL } -of_object [get_pins -filter {DIRECTION==IN} -of_objects [get_nets -hierarchical -filter {PARENT=="integer_unit/em_reg/disp3_0_reg[14]_P"}]]]
resize_pblock [get_pblocks {CLKAG_integer_unit/em_reg/disp3_0_reg[14]_P}] -add {CLOCKREGION_X0Y3:CLOCKREGION_X0Y3}
#endgroup

# Clock net "integer_unit/em_reg/disp3_0_reg[15]_P" driven by instance "integer_unit/em_reg/disp3_0_reg[15]_LDC_i_1" located at site "SLICE_X9Y167"
#startgroup
create_pblock {CLKAG_integer_unit/em_reg/disp3_0_reg[15]_P}
add_cells_to_pblock [get_pblocks  {CLKAG_integer_unit/em_reg/disp3_0_reg[15]_P}] [get_cells -filter { PRIMITIVE_GROUP != I/O && IS_PRIMITIVE==1 && PRIMITIVE_LEVEL !=INTERNAL } -of_object [get_pins -filter {DIRECTION==IN} -of_objects [get_nets -hierarchical -filter {PARENT=="integer_unit/em_reg/disp3_0_reg[15]_P"}]]]
resize_pblock [get_pblocks {CLKAG_integer_unit/em_reg/disp3_0_reg[15]_P}] -add {CLOCKREGION_X0Y3:CLOCKREGION_X0Y3}
#endgroup

# Clock net "integer_unit/em_reg/disp3_0_reg[1]_P" driven by instance "integer_unit/em_reg/disp3_0_reg[1]_LDC_i_1" located at site "SLICE_X7Y173"
#startgroup
create_pblock {CLKAG_integer_unit/em_reg/disp3_0_reg[1]_P}
add_cells_to_pblock [get_pblocks  {CLKAG_integer_unit/em_reg/disp3_0_reg[1]_P}] [get_cells -filter { PRIMITIVE_GROUP != I/O && IS_PRIMITIVE==1 && PRIMITIVE_LEVEL !=INTERNAL } -of_object [get_pins -filter {DIRECTION==IN} -of_objects [get_nets -hierarchical -filter {PARENT=="integer_unit/em_reg/disp3_0_reg[1]_P"}]]]
resize_pblock [get_pblocks {CLKAG_integer_unit/em_reg/disp3_0_reg[1]_P}] -add {CLOCKREGION_X0Y3:CLOCKREGION_X0Y3}
#endgroup

# Clock net "integer_unit/em_reg/disp3_0_reg[2]_P" driven by instance "integer_unit/em_reg/disp3_0_reg[2]_LDC_i_1" located at site "SLICE_X10Y171"
#startgroup
create_pblock {CLKAG_integer_unit/em_reg/disp3_0_reg[2]_P}
add_cells_to_pblock [get_pblocks  {CLKAG_integer_unit/em_reg/disp3_0_reg[2]_P}] [get_cells -filter { PRIMITIVE_GROUP != I/O && IS_PRIMITIVE==1 && PRIMITIVE_LEVEL !=INTERNAL } -of_object [get_pins -filter {DIRECTION==IN} -of_objects [get_nets -hierarchical -filter {PARENT=="integer_unit/em_reg/disp3_0_reg[2]_P"}]]]
resize_pblock [get_pblocks {CLKAG_integer_unit/em_reg/disp3_0_reg[2]_P}] -add {CLOCKREGION_X0Y3:CLOCKREGION_X0Y3}
#endgroup

# Clock net "integer_unit/em_reg/disp3_0_reg[3]_P" driven by instance "integer_unit/em_reg/disp3_0_reg[3]_LDC_i_1" located at site "SLICE_X13Y168"
#startgroup
create_pblock {CLKAG_integer_unit/em_reg/disp3_0_reg[3]_P}
add_cells_to_pblock [get_pblocks  {CLKAG_integer_unit/em_reg/disp3_0_reg[3]_P}] [get_cells -filter { PRIMITIVE_GROUP != I/O && IS_PRIMITIVE==1 && PRIMITIVE_LEVEL !=INTERNAL } -of_object [get_pins -filter {DIRECTION==IN} -of_objects [get_nets -hierarchical -filter {PARENT=="integer_unit/em_reg/disp3_0_reg[3]_P"}]]]
resize_pblock [get_pblocks {CLKAG_integer_unit/em_reg/disp3_0_reg[3]_P}] -add {CLOCKREGION_X0Y3:CLOCKREGION_X0Y3}
#endgroup

# Clock net "integer_unit/em_reg/disp3_0_reg[4]_P" driven by instance "integer_unit/em_reg/disp3_0_reg[4]_LDC_i_1" located at site "SLICE_X4Y171"
#startgroup
create_pblock {CLKAG_integer_unit/em_reg/disp3_0_reg[4]_P}
add_cells_to_pblock [get_pblocks  {CLKAG_integer_unit/em_reg/disp3_0_reg[4]_P}] [get_cells -filter { PRIMITIVE_GROUP != I/O && IS_PRIMITIVE==1 && PRIMITIVE_LEVEL !=INTERNAL } -of_object [get_pins -filter {DIRECTION==IN} -of_objects [get_nets -hierarchical -filter {PARENT=="integer_unit/em_reg/disp3_0_reg[4]_P"}]]]
resize_pblock [get_pblocks {CLKAG_integer_unit/em_reg/disp3_0_reg[4]_P}] -add {CLOCKREGION_X0Y3:CLOCKREGION_X0Y3}
#endgroup

# Clock net "integer_unit/em_reg/disp3_0_reg[5]_P" driven by instance "integer_unit/em_reg/disp3_0_reg[5]_LDC_i_1" located at site "SLICE_X12Y170"
#startgroup
create_pblock {CLKAG_integer_unit/em_reg/disp3_0_reg[5]_P}
add_cells_to_pblock [get_pblocks  {CLKAG_integer_unit/em_reg/disp3_0_reg[5]_P}] [get_cells -filter { PRIMITIVE_GROUP != I/O && IS_PRIMITIVE==1 && PRIMITIVE_LEVEL !=INTERNAL } -of_object [get_pins -filter {DIRECTION==IN} -of_objects [get_nets -hierarchical -filter {PARENT=="integer_unit/em_reg/disp3_0_reg[5]_P"}]]]
resize_pblock [get_pblocks {CLKAG_integer_unit/em_reg/disp3_0_reg[5]_P}] -add {CLOCKREGION_X0Y3:CLOCKREGION_X0Y3}
#endgroup

# Clock net "integer_unit/em_reg/disp3_0_reg[6]_P" driven by instance "integer_unit/em_reg/disp3_0_reg[6]_LDC_i_1" located at site "SLICE_X10Y170"
#startgroup
create_pblock {CLKAG_integer_unit/em_reg/disp3_0_reg[6]_P}
add_cells_to_pblock [get_pblocks  {CLKAG_integer_unit/em_reg/disp3_0_reg[6]_P}] [get_cells -filter { PRIMITIVE_GROUP != I/O && IS_PRIMITIVE==1 && PRIMITIVE_LEVEL !=INTERNAL } -of_object [get_pins -filter {DIRECTION==IN} -of_objects [get_nets -hierarchical -filter {PARENT=="integer_unit/em_reg/disp3_0_reg[6]_P"}]]]
resize_pblock [get_pblocks {CLKAG_integer_unit/em_reg/disp3_0_reg[6]_P}] -add {CLOCKREGION_X0Y3:CLOCKREGION_X0Y3}
#endgroup

# Clock net "integer_unit/em_reg/disp3_0_reg[7]_P" driven by instance "integer_unit/em_reg/disp3_0_reg[7]_LDC_i_1" located at site "SLICE_X13Y170"
#startgroup
create_pblock {CLKAG_integer_unit/em_reg/disp3_0_reg[7]_P}
add_cells_to_pblock [get_pblocks  {CLKAG_integer_unit/em_reg/disp3_0_reg[7]_P}] [get_cells -filter { PRIMITIVE_GROUP != I/O && IS_PRIMITIVE==1 && PRIMITIVE_LEVEL !=INTERNAL } -of_object [get_pins -filter {DIRECTION==IN} -of_objects [get_nets -hierarchical -filter {PARENT=="integer_unit/em_reg/disp3_0_reg[7]_P"}]]]
resize_pblock [get_pblocks {CLKAG_integer_unit/em_reg/disp3_0_reg[7]_P}] -add {CLOCKREGION_X0Y3:CLOCKREGION_X0Y3}
#endgroup

# Clock net "integer_unit/em_reg/disp3_0_reg[8]_P" driven by instance "integer_unit/em_reg/disp3_0_reg[8]_LDC_i_1" located at site "SLICE_X7Y172"
#startgroup
create_pblock {CLKAG_integer_unit/em_reg/disp3_0_reg[8]_P}
add_cells_to_pblock [get_pblocks  {CLKAG_integer_unit/em_reg/disp3_0_reg[8]_P}] [get_cells -filter { PRIMITIVE_GROUP != I/O && IS_PRIMITIVE==1 && PRIMITIVE_LEVEL !=INTERNAL } -of_object [get_pins -filter {DIRECTION==IN} -of_objects [get_nets -hierarchical -filter {PARENT=="integer_unit/em_reg/disp3_0_reg[8]_P"}]]]
resize_pblock [get_pblocks {CLKAG_integer_unit/em_reg/disp3_0_reg[8]_P}] -add {CLOCKREGION_X0Y3:CLOCKREGION_X0Y3}
#endgroup

# Clock net "integer_unit/em_reg/disp3_0_reg[9]_P" driven by instance "integer_unit/em_reg/disp3_0_reg[9]_LDC_i_1" located at site "SLICE_X4Y167"
#startgroup
create_pblock {CLKAG_integer_unit/em_reg/disp3_0_reg[9]_P}
add_cells_to_pblock [get_pblocks  {CLKAG_integer_unit/em_reg/disp3_0_reg[9]_P}] [get_cells -filter { PRIMITIVE_GROUP != I/O && IS_PRIMITIVE==1 && PRIMITIVE_LEVEL !=INTERNAL } -of_object [get_pins -filter {DIRECTION==IN} -of_objects [get_nets -hierarchical -filter {PARENT=="integer_unit/em_reg/disp3_0_reg[9]_P"}]]]
resize_pblock [get_pblocks {CLKAG_integer_unit/em_reg/disp3_0_reg[9]_P}] -add {CLOCKREGION_X0Y3:CLOCKREGION_X0Y3}
#endgroup

# Clock net "integer_unit/em_reg/disp7_4_reg[0]_P" driven by instance "integer_unit/em_reg/disp7_4_reg[0]_LDC_i_1" located at site "SLICE_X3Y174"
#startgroup
create_pblock {CLKAG_integer_unit/em_reg/disp7_4_reg[0]_P}
add_cells_to_pblock [get_pblocks  {CLKAG_integer_unit/em_reg/disp7_4_reg[0]_P}] [get_cells -filter { PRIMITIVE_GROUP != I/O && IS_PRIMITIVE==1 && PRIMITIVE_LEVEL !=INTERNAL } -of_object [get_pins -filter {DIRECTION==IN} -of_objects [get_nets -hierarchical -filter {PARENT=="integer_unit/em_reg/disp7_4_reg[0]_P"}]]]
resize_pblock [get_pblocks {CLKAG_integer_unit/em_reg/disp7_4_reg[0]_P}] -add {CLOCKREGION_X0Y3:CLOCKREGION_X0Y3}
#endgroup

# Clock net "integer_unit/em_reg/disp7_4_reg[10]_P" driven by instance "integer_unit/em_reg/disp7_4_reg[10]_LDC_i_1" located at site "SLICE_X1Y174"
#startgroup
create_pblock {CLKAG_integer_unit/em_reg/disp7_4_reg[10]_P}
add_cells_to_pblock [get_pblocks  {CLKAG_integer_unit/em_reg/disp7_4_reg[10]_P}] [get_cells -filter { PRIMITIVE_GROUP != I/O && IS_PRIMITIVE==1 && PRIMITIVE_LEVEL !=INTERNAL } -of_object [get_pins -filter {DIRECTION==IN} -of_objects [get_nets -hierarchical -filter {PARENT=="integer_unit/em_reg/disp7_4_reg[10]_P"}]]]
resize_pblock [get_pblocks {CLKAG_integer_unit/em_reg/disp7_4_reg[10]_P}] -add {CLOCKREGION_X0Y3:CLOCKREGION_X0Y3}
#endgroup

# Clock net "integer_unit/em_reg/disp7_4_reg[11]_P" driven by instance "integer_unit/em_reg/disp7_4_reg[11]_LDC_i_1" located at site "SLICE_X1Y173"
#startgroup
create_pblock {CLKAG_integer_unit/em_reg/disp7_4_reg[11]_P}
add_cells_to_pblock [get_pblocks  {CLKAG_integer_unit/em_reg/disp7_4_reg[11]_P}] [get_cells -filter { PRIMITIVE_GROUP != I/O && IS_PRIMITIVE==1 && PRIMITIVE_LEVEL !=INTERNAL } -of_object [get_pins -filter {DIRECTION==IN} -of_objects [get_nets -hierarchical -filter {PARENT=="integer_unit/em_reg/disp7_4_reg[11]_P"}]]]
resize_pblock [get_pblocks {CLKAG_integer_unit/em_reg/disp7_4_reg[11]_P}] -add {CLOCKREGION_X0Y3:CLOCKREGION_X0Y3}
#endgroup

# Clock net "integer_unit/em_reg/disp7_4_reg[12]_P" driven by instance "integer_unit/em_reg/disp7_4_reg[12]_LDC_i_1" located at site "SLICE_X3Y169"
#startgroup
create_pblock {CLKAG_integer_unit/em_reg/disp7_4_reg[12]_P}
add_cells_to_pblock [get_pblocks  {CLKAG_integer_unit/em_reg/disp7_4_reg[12]_P}] [get_cells -filter { PRIMITIVE_GROUP != I/O && IS_PRIMITIVE==1 && PRIMITIVE_LEVEL !=INTERNAL } -of_object [get_pins -filter {DIRECTION==IN} -of_objects [get_nets -hierarchical -filter {PARENT=="integer_unit/em_reg/disp7_4_reg[12]_P"}]]]
resize_pblock [get_pblocks {CLKAG_integer_unit/em_reg/disp7_4_reg[12]_P}] -add {CLOCKREGION_X0Y3:CLOCKREGION_X0Y3}
#endgroup

# Clock net "integer_unit/em_reg/disp7_4_reg[13]_P" driven by instance "integer_unit/em_reg/disp7_4_reg[13]_LDC_i_1" located at site "SLICE_X3Y168"
#startgroup
create_pblock {CLKAG_integer_unit/em_reg/disp7_4_reg[13]_P}
add_cells_to_pblock [get_pblocks  {CLKAG_integer_unit/em_reg/disp7_4_reg[13]_P}] [get_cells -filter { PRIMITIVE_GROUP != I/O && IS_PRIMITIVE==1 && PRIMITIVE_LEVEL !=INTERNAL } -of_object [get_pins -filter {DIRECTION==IN} -of_objects [get_nets -hierarchical -filter {PARENT=="integer_unit/em_reg/disp7_4_reg[13]_P"}]]]
resize_pblock [get_pblocks {CLKAG_integer_unit/em_reg/disp7_4_reg[13]_P}] -add {CLOCKREGION_X0Y3:CLOCKREGION_X0Y3}
#endgroup

# Clock net "integer_unit/em_reg/disp7_4_reg[14]_P" driven by instance "integer_unit/em_reg/disp7_4_reg[14]_LDC_i_1" located at site "SLICE_X7Y168"
#startgroup
create_pblock {CLKAG_integer_unit/em_reg/disp7_4_reg[14]_P}
add_cells_to_pblock [get_pblocks  {CLKAG_integer_unit/em_reg/disp7_4_reg[14]_P}] [get_cells -filter { PRIMITIVE_GROUP != I/O && IS_PRIMITIVE==1 && PRIMITIVE_LEVEL !=INTERNAL } -of_object [get_pins -filter {DIRECTION==IN} -of_objects [get_nets -hierarchical -filter {PARENT=="integer_unit/em_reg/disp7_4_reg[14]_P"}]]]
resize_pblock [get_pblocks {CLKAG_integer_unit/em_reg/disp7_4_reg[14]_P}] -add {CLOCKREGION_X0Y3:CLOCKREGION_X0Y3}
#endgroup

# Clock net "integer_unit/em_reg/disp7_4_reg[15]_P" driven by instance "integer_unit/em_reg/disp7_4_reg[15]_LDC_i_1" located at site "SLICE_X7Y167"
#startgroup
create_pblock {CLKAG_integer_unit/em_reg/disp7_4_reg[15]_P}
add_cells_to_pblock [get_pblocks  {CLKAG_integer_unit/em_reg/disp7_4_reg[15]_P}] [get_cells -filter { PRIMITIVE_GROUP != I/O && IS_PRIMITIVE==1 && PRIMITIVE_LEVEL !=INTERNAL } -of_object [get_pins -filter {DIRECTION==IN} -of_objects [get_nets -hierarchical -filter {PARENT=="integer_unit/em_reg/disp7_4_reg[15]_P"}]]]
resize_pblock [get_pblocks {CLKAG_integer_unit/em_reg/disp7_4_reg[15]_P}] -add {CLOCKREGION_X0Y3:CLOCKREGION_X0Y3}
#endgroup

# Clock net "integer_unit/em_reg/disp7_4_reg[1]_P" driven by instance "integer_unit/em_reg/disp7_4_reg[1]_LDC_i_1" located at site "SLICE_X5Y174"
#startgroup
create_pblock {CLKAG_integer_unit/em_reg/disp7_4_reg[1]_P}
add_cells_to_pblock [get_pblocks  {CLKAG_integer_unit/em_reg/disp7_4_reg[1]_P}] [get_cells -filter { PRIMITIVE_GROUP != I/O && IS_PRIMITIVE==1 && PRIMITIVE_LEVEL !=INTERNAL } -of_object [get_pins -filter {DIRECTION==IN} -of_objects [get_nets -hierarchical -filter {PARENT=="integer_unit/em_reg/disp7_4_reg[1]_P"}]]]
resize_pblock [get_pblocks {CLKAG_integer_unit/em_reg/disp7_4_reg[1]_P}] -add {CLOCKREGION_X0Y3:CLOCKREGION_X0Y3}
#endgroup

# Clock net "integer_unit/em_reg/disp7_4_reg[2]_P" driven by instance "integer_unit/em_reg/disp7_4_reg[2]_LDC_i_1" located at site "SLICE_X9Y171"
#startgroup
create_pblock {CLKAG_integer_unit/em_reg/disp7_4_reg[2]_P}
add_cells_to_pblock [get_pblocks  {CLKAG_integer_unit/em_reg/disp7_4_reg[2]_P}] [get_cells -filter { PRIMITIVE_GROUP != I/O && IS_PRIMITIVE==1 && PRIMITIVE_LEVEL !=INTERNAL } -of_object [get_pins -filter {DIRECTION==IN} -of_objects [get_nets -hierarchical -filter {PARENT=="integer_unit/em_reg/disp7_4_reg[2]_P"}]]]
resize_pblock [get_pblocks {CLKAG_integer_unit/em_reg/disp7_4_reg[2]_P}] -add {CLOCKREGION_X0Y3:CLOCKREGION_X0Y3}
#endgroup

# Clock net "integer_unit/em_reg/disp7_4_reg[3]_P" driven by instance "integer_unit/em_reg/disp7_4_reg[3]_LDC_i_1" located at site "SLICE_X12Y171"
#startgroup
create_pblock {CLKAG_integer_unit/em_reg/disp7_4_reg[3]_P}
add_cells_to_pblock [get_pblocks  {CLKAG_integer_unit/em_reg/disp7_4_reg[3]_P}] [get_cells -filter { PRIMITIVE_GROUP != I/O && IS_PRIMITIVE==1 && PRIMITIVE_LEVEL !=INTERNAL } -of_object [get_pins -filter {DIRECTION==IN} -of_objects [get_nets -hierarchical -filter {PARENT=="integer_unit/em_reg/disp7_4_reg[3]_P"}]]]
resize_pblock [get_pblocks {CLKAG_integer_unit/em_reg/disp7_4_reg[3]_P}] -add {CLOCKREGION_X0Y3:CLOCKREGION_X0Y3}
#endgroup

# Clock net "integer_unit/em_reg/disp7_4_reg[4]_P" driven by instance "integer_unit/em_reg/disp7_4_reg[4]_LDC_i_1" located at site "SLICE_X4Y170"
#startgroup
create_pblock {CLKAG_integer_unit/em_reg/disp7_4_reg[4]_P}
add_cells_to_pblock [get_pblocks  {CLKAG_integer_unit/em_reg/disp7_4_reg[4]_P}] [get_cells -filter { PRIMITIVE_GROUP != I/O && IS_PRIMITIVE==1 && PRIMITIVE_LEVEL !=INTERNAL } -of_object [get_pins -filter {DIRECTION==IN} -of_objects [get_nets -hierarchical -filter {PARENT=="integer_unit/em_reg/disp7_4_reg[4]_P"}]]]
resize_pblock [get_pblocks {CLKAG_integer_unit/em_reg/disp7_4_reg[4]_P}] -add {CLOCKREGION_X0Y3:CLOCKREGION_X0Y3}
#endgroup

# Clock net "integer_unit/em_reg/disp7_4_reg[5]_P" driven by instance "integer_unit/em_reg/disp7_4_reg[5]_LDC_i_1" located at site "SLICE_X9Y168"
#startgroup
create_pblock {CLKAG_integer_unit/em_reg/disp7_4_reg[5]_P}
add_cells_to_pblock [get_pblocks  {CLKAG_integer_unit/em_reg/disp7_4_reg[5]_P}] [get_cells -filter { PRIMITIVE_GROUP != I/O && IS_PRIMITIVE==1 && PRIMITIVE_LEVEL !=INTERNAL } -of_object [get_pins -filter {DIRECTION==IN} -of_objects [get_nets -hierarchical -filter {PARENT=="integer_unit/em_reg/disp7_4_reg[5]_P"}]]]
resize_pblock [get_pblocks {CLKAG_integer_unit/em_reg/disp7_4_reg[5]_P}] -add {CLOCKREGION_X0Y3:CLOCKREGION_X0Y3}
#endgroup

# Clock net "integer_unit/em_reg/disp7_4_reg[6]_P" driven by instance "integer_unit/em_reg/disp7_4_reg[6]_LDC_i_1" located at site "SLICE_X11Y170"
#startgroup
create_pblock {CLKAG_integer_unit/em_reg/disp7_4_reg[6]_P}
add_cells_to_pblock [get_pblocks  {CLKAG_integer_unit/em_reg/disp7_4_reg[6]_P}] [get_cells -filter { PRIMITIVE_GROUP != I/O && IS_PRIMITIVE==1 && PRIMITIVE_LEVEL !=INTERNAL } -of_object [get_pins -filter {DIRECTION==IN} -of_objects [get_nets -hierarchical -filter {PARENT=="integer_unit/em_reg/disp7_4_reg[6]_P"}]]]
resize_pblock [get_pblocks {CLKAG_integer_unit/em_reg/disp7_4_reg[6]_P}] -add {CLOCKREGION_X0Y3:CLOCKREGION_X0Y3}
#endgroup

# Clock net "integer_unit/em_reg/disp7_4_reg[7]_P" driven by instance "integer_unit/em_reg/disp7_4_reg[7]_LDC_i_1" located at site "SLICE_X13Y170"
#startgroup
create_pblock {CLKAG_integer_unit/em_reg/disp7_4_reg[7]_P}
add_cells_to_pblock [get_pblocks  {CLKAG_integer_unit/em_reg/disp7_4_reg[7]_P}] [get_cells -filter { PRIMITIVE_GROUP != I/O && IS_PRIMITIVE==1 && PRIMITIVE_LEVEL !=INTERNAL } -of_object [get_pins -filter {DIRECTION==IN} -of_objects [get_nets -hierarchical -filter {PARENT=="integer_unit/em_reg/disp7_4_reg[7]_P"}]]]
resize_pblock [get_pblocks {CLKAG_integer_unit/em_reg/disp7_4_reg[7]_P}] -add {CLOCKREGION_X0Y3:CLOCKREGION_X0Y3}
#endgroup

# Clock net "integer_unit/em_reg/disp7_4_reg[8]_P" driven by instance "integer_unit/em_reg/disp7_4_reg[8]_LDC_i_1" located at site "SLICE_X1Y170"
#startgroup
create_pblock {CLKAG_integer_unit/em_reg/disp7_4_reg[8]_P}
add_cells_to_pblock [get_pblocks  {CLKAG_integer_unit/em_reg/disp7_4_reg[8]_P}] [get_cells -filter { PRIMITIVE_GROUP != I/O && IS_PRIMITIVE==1 && PRIMITIVE_LEVEL !=INTERNAL } -of_object [get_pins -filter {DIRECTION==IN} -of_objects [get_nets -hierarchical -filter {PARENT=="integer_unit/em_reg/disp7_4_reg[8]_P"}]]]
resize_pblock [get_pblocks {CLKAG_integer_unit/em_reg/disp7_4_reg[8]_P}] -add {CLOCKREGION_X0Y3:CLOCKREGION_X0Y3}
#endgroup

# Clock net "integer_unit/em_reg/disp7_4_reg[9]_P" driven by instance "integer_unit/em_reg/disp7_4_reg[9]_LDC_i_1" located at site "SLICE_X3Y165"
#startgroup
create_pblock {CLKAG_integer_unit/em_reg/disp7_4_reg[9]_P}
add_cells_to_pblock [get_pblocks  {CLKAG_integer_unit/em_reg/disp7_4_reg[9]_P}] [get_cells -filter { PRIMITIVE_GROUP != I/O && IS_PRIMITIVE==1 && PRIMITIVE_LEVEL !=INTERNAL } -of_object [get_pins -filter {DIRECTION==IN} -of_objects [get_nets -hierarchical -filter {PARENT=="integer_unit/em_reg/disp7_4_reg[9]_P"}]]]
resize_pblock [get_pblocks {CLKAG_integer_unit/em_reg/disp7_4_reg[9]_P}] -add {CLOCKREGION_X0Y3:CLOCKREGION_X0Y3}
#endgroup

# Clock net "integer_unit/em_reg/dispsp_reg[10]_P" driven by instance "integer_unit/em_reg/dispsp_reg[10]_LDC_i_1" located at site "SLICE_X1Y166"
#startgroup
create_pblock {CLKAG_integer_unit/em_reg/dispsp_reg[10]_P}
add_cells_to_pblock [get_pblocks  {CLKAG_integer_unit/em_reg/dispsp_reg[10]_P}] [get_cells -filter { PRIMITIVE_GROUP != I/O && IS_PRIMITIVE==1 && PRIMITIVE_LEVEL !=INTERNAL } -of_object [get_pins -filter {DIRECTION==IN} -of_objects [get_nets -hierarchical -filter {PARENT=="integer_unit/em_reg/dispsp_reg[10]_P"}]]]
resize_pblock [get_pblocks {CLKAG_integer_unit/em_reg/dispsp_reg[10]_P}] -add {CLOCKREGION_X0Y3:CLOCKREGION_X0Y3}
#endgroup

# Clock net "integer_unit/em_reg/dispsp_reg[11]_P" driven by instance "integer_unit/em_reg/dispsp_reg[11]_LDC_i_1" located at site "SLICE_X0Y162"
#startgroup
create_pblock {CLKAG_integer_unit/em_reg/dispsp_reg[11]_P}
add_cells_to_pblock [get_pblocks  {CLKAG_integer_unit/em_reg/dispsp_reg[11]_P}] [get_cells -filter { PRIMITIVE_GROUP != I/O && IS_PRIMITIVE==1 && PRIMITIVE_LEVEL !=INTERNAL } -of_object [get_pins -filter {DIRECTION==IN} -of_objects [get_nets -hierarchical -filter {PARENT=="integer_unit/em_reg/dispsp_reg[11]_P"}]]]
resize_pblock [get_pblocks {CLKAG_integer_unit/em_reg/dispsp_reg[11]_P}] -add {CLOCKREGION_X0Y3:CLOCKREGION_X0Y3}
#endgroup

# Clock net "integer_unit/em_reg/dispsp_reg[12]_P" driven by instance "integer_unit/em_reg/dispsp_reg[12]_LDC_i_1" located at site "SLICE_X3Y164"
#startgroup
create_pblock {CLKAG_integer_unit/em_reg/dispsp_reg[12]_P}
add_cells_to_pblock [get_pblocks  {CLKAG_integer_unit/em_reg/dispsp_reg[12]_P}] [get_cells -filter { PRIMITIVE_GROUP != I/O && IS_PRIMITIVE==1 && PRIMITIVE_LEVEL !=INTERNAL } -of_object [get_pins -filter {DIRECTION==IN} -of_objects [get_nets -hierarchical -filter {PARENT=="integer_unit/em_reg/dispsp_reg[12]_P"}]]]
resize_pblock [get_pblocks {CLKAG_integer_unit/em_reg/dispsp_reg[12]_P}] -add {CLOCKREGION_X0Y3:CLOCKREGION_X0Y3}
#endgroup

# Clock net "integer_unit/em_reg/dispsp_reg[13]_P" driven by instance "integer_unit/em_reg/dispsp_reg[13]_LDC_i_1" located at site "SLICE_X3Y162"
#startgroup
create_pblock {CLKAG_integer_unit/em_reg/dispsp_reg[13]_P}
add_cells_to_pblock [get_pblocks  {CLKAG_integer_unit/em_reg/dispsp_reg[13]_P}] [get_cells -filter { PRIMITIVE_GROUP != I/O && IS_PRIMITIVE==1 && PRIMITIVE_LEVEL !=INTERNAL } -of_object [get_pins -filter {DIRECTION==IN} -of_objects [get_nets -hierarchical -filter {PARENT=="integer_unit/em_reg/dispsp_reg[13]_P"}]]]
resize_pblock [get_pblocks {CLKAG_integer_unit/em_reg/dispsp_reg[13]_P}] -add {CLOCKREGION_X0Y3:CLOCKREGION_X0Y3}
#endgroup

# Clock net "integer_unit/em_reg/dispsp_reg[14]_P" driven by instance "integer_unit/em_reg/dispsp_reg[14]_LDC_i_1" located at site "SLICE_X7Y167"
#startgroup
create_pblock {CLKAG_integer_unit/em_reg/dispsp_reg[14]_P}
add_cells_to_pblock [get_pblocks  {CLKAG_integer_unit/em_reg/dispsp_reg[14]_P}] [get_cells -filter { PRIMITIVE_GROUP != I/O && IS_PRIMITIVE==1 && PRIMITIVE_LEVEL !=INTERNAL } -of_object [get_pins -filter {DIRECTION==IN} -of_objects [get_nets -hierarchical -filter {PARENT=="integer_unit/em_reg/dispsp_reg[14]_P"}]]]
resize_pblock [get_pblocks {CLKAG_integer_unit/em_reg/dispsp_reg[14]_P}] -add {CLOCKREGION_X0Y3:CLOCKREGION_X0Y3}
#endgroup

# Clock net "integer_unit/em_reg/dispsp_reg[15]_P" driven by instance "integer_unit/em_reg/dispsp_reg[15]_LDC_i_1" located at site "SLICE_X7Y167"
#startgroup
create_pblock {CLKAG_integer_unit/em_reg/dispsp_reg[15]_P}
add_cells_to_pblock [get_pblocks  {CLKAG_integer_unit/em_reg/dispsp_reg[15]_P}] [get_cells -filter { PRIMITIVE_GROUP != I/O && IS_PRIMITIVE==1 && PRIMITIVE_LEVEL !=INTERNAL } -of_object [get_pins -filter {DIRECTION==IN} -of_objects [get_nets -hierarchical -filter {PARENT=="integer_unit/em_reg/dispsp_reg[15]_P"}]]]
resize_pblock [get_pblocks {CLKAG_integer_unit/em_reg/dispsp_reg[15]_P}] -add {CLOCKREGION_X0Y3:CLOCKREGION_X0Y3}
#endgroup

# Clock net "integer_unit/em_reg/dispsp_reg[8]_P" driven by instance "integer_unit/em_reg/dispsp_reg[8]_LDC_i_1" located at site "SLICE_X1Y171"
#startgroup
create_pblock {CLKAG_integer_unit/em_reg/dispsp_reg[8]_P}
add_cells_to_pblock [get_pblocks  {CLKAG_integer_unit/em_reg/dispsp_reg[8]_P}] [get_cells -filter { PRIMITIVE_GROUP != I/O && IS_PRIMITIVE==1 && PRIMITIVE_LEVEL !=INTERNAL } -of_object [get_pins -filter {DIRECTION==IN} -of_objects [get_nets -hierarchical -filter {PARENT=="integer_unit/em_reg/dispsp_reg[8]_P"}]]]
resize_pblock [get_pblocks {CLKAG_integer_unit/em_reg/dispsp_reg[8]_P}] -add {CLOCKREGION_X0Y3:CLOCKREGION_X0Y3}
#endgroup

# Clock net "integer_unit/em_reg/dispsp_reg[9]_P" driven by instance "integer_unit/em_reg/dispsp_reg[9]_LDC_i_1" located at site "SLICE_X5Y168"
#startgroup
create_pblock {CLKAG_integer_unit/em_reg/dispsp_reg[9]_P}
add_cells_to_pblock [get_pblocks  {CLKAG_integer_unit/em_reg/dispsp_reg[9]_P}] [get_cells -filter { PRIMITIVE_GROUP != I/O && IS_PRIMITIVE==1 && PRIMITIVE_LEVEL !=INTERNAL } -of_object [get_pins -filter {DIRECTION==IN} -of_objects [get_nets -hierarchical -filter {PARENT=="integer_unit/em_reg/dispsp_reg[9]_P"}]]]
resize_pblock [get_pblocks {CLKAG_integer_unit/em_reg/dispsp_reg[9]_P}] -add {CLOCKREGION_X0Y3:CLOCKREGION_X0Y3}
#endgroup

# Clock net "io_part/clock16/clk_sys" driven by instance "io_part/clock16/clk_sys_reg" located at site "SLICE_X1Y168"
#startgroup
create_pblock {CLKAG_io_part/clock16/clk_sys}
add_cells_to_pblock [get_pblocks  {CLKAG_io_part/clock16/clk_sys}] [get_cells -filter { PRIMITIVE_GROUP != I/O && IS_PRIMITIVE==1 && PRIMITIVE_LEVEL !=INTERNAL } -of_object [get_pins -filter {DIRECTION==IN} -of_objects [get_nets -hierarchical -filter {PARENT=="io_part/clock16/clk_sys"}]]]
resize_pblock [get_pblocks {CLKAG_io_part/clock16/clk_sys}] -add {CLOCKREGION_X0Y3:CLOCKREGION_X0Y3}
#endgroup

# Clock net "register_reg[0][31]_i_3_n_0" driven by instance "register_reg[0][31]_i_3" located at site "SLICE_X11Y183"
#startgroup
create_pblock {CLKAG_register_reg[0][31]_i_3_n_0}
add_cells_to_pblock [get_pblocks  {CLKAG_register_reg[0][31]_i_3_n_0}] [get_cells -filter { PRIMITIVE_GROUP != I/O && IS_PRIMITIVE==1 && PRIMITIVE_LEVEL !=INTERNAL } -of_object [get_pins -filter {DIRECTION==IN} -of_objects [get_nets -hierarchical -filter {PARENT=="register_reg[0][31]_i_3_n_0"}]]]
resize_pblock [get_pblocks {CLKAG_register_reg[0][31]_i_3_n_0}] -add {CLOCKREGION_X0Y3:CLOCKREGION_X0Y3 CLOCKREGION_X1Y2:CLOCKREGION_X1Y2 CLOCKREGION_X1Y3:CLOCKREGION_X1Y3}
#endgroup
